mode: set
SmartLink_Project/features/layanan/usecase/logic.go:16.78,21.2 1 1
SmartLink_Project/features/layanan/usecase/logic.go:23.88,26.23 3 1
SmartLink_Project/features/layanan/usecase/logic.go:31.2,31.28 1 1
SmartLink_Project/features/layanan/usecase/logic.go:36.2,38.25 3 1
SmartLink_Project/features/layanan/usecase/logic.go:45.2,45.16 1 1
SmartLink_Project/features/layanan/usecase/logic.go:50.2,51.25 2 1
SmartLink_Project/features/layanan/usecase/logic.go:56.2,56.25 1 1
SmartLink_Project/features/layanan/usecase/logic.go:26.23,29.3 2 1
SmartLink_Project/features/layanan/usecase/logic.go:31.28,34.3 2 1
SmartLink_Project/features/layanan/usecase/logic.go:38.25,39.24 1 1
SmartLink_Project/features/layanan/usecase/logic.go:39.24,41.9 2 1
SmartLink_Project/features/layanan/usecase/logic.go:45.16,48.3 2 1
SmartLink_Project/features/layanan/usecase/logic.go:51.25,54.3 2 1
SmartLink_Project/features/users/usecase/logic.go:19.72,24.2 1 1
SmartLink_Project/features/users/usecase/logic.go:26.83,29.23 3 1
SmartLink_Project/features/users/usecase/logic.go:34.2,34.25 1 1
SmartLink_Project/features/users/usecase/logic.go:39.2,41.29 3 1
SmartLink_Project/features/users/usecase/logic.go:49.2,51.28 3 1
SmartLink_Project/features/users/usecase/logic.go:59.2,60.15 2 1
SmartLink_Project/features/users/usecase/logic.go:65.2,66.22 2 1
SmartLink_Project/features/users/usecase/logic.go:71.2,74.19 3 1
SmartLink_Project/features/users/usecase/logic.go:79.2,79.34 1 1
SmartLink_Project/features/users/usecase/logic.go:29.23,32.3 2 1
SmartLink_Project/features/users/usecase/logic.go:34.25,37.3 2 1
SmartLink_Project/features/users/usecase/logic.go:41.29,44.3 2 1
SmartLink_Project/features/users/usecase/logic.go:44.8,44.25 1 1
SmartLink_Project/features/users/usecase/logic.go:44.25,47.3 2 1
SmartLink_Project/features/users/usecase/logic.go:51.28,54.3 2 1
SmartLink_Project/features/users/usecase/logic.go:54.8,54.24 1 1
SmartLink_Project/features/users/usecase/logic.go:54.24,57.3 2 1
SmartLink_Project/features/users/usecase/logic.go:60.15,63.3 2 1
SmartLink_Project/features/users/usecase/logic.go:66.22,69.3 2 1
SmartLink_Project/features/users/usecase/logic.go:74.19,77.3 2 1
SmartLink_Project/features/users/usecase/logic.go:82.85,84.22 2 1
SmartLink_Project/features/users/usecase/logic.go:89.2,90.18 2 1
SmartLink_Project/features/users/usecase/logic.go:95.2,96.16 2 1
SmartLink_Project/features/users/usecase/logic.go:101.2,103.29 2 1
SmartLink_Project/features/users/usecase/logic.go:84.22,87.3 2 1
SmartLink_Project/features/users/usecase/logic.go:90.18,93.3 2 1
SmartLink_Project/features/users/usecase/logic.go:96.16,99.3 2 1
